#0 building with "default" instance using docker driver

#1 [internal] load build definition from Dockerfile
#1 transferring dockerfile: 2.94kB done
#1 DONE 0.0s

#2 [internal] load metadata for docker.io/library/python:3.13
#2 DONE 2.6s

#3 [internal] load .dockerignore
#3 transferring context: 112B done
#3 DONE 0.0s

#4 [ 1/12] FROM docker.io/library/python:3.13@sha256:02865b3929f3910fc2d6ebbf745bf00504d316478dacaea7d9e230e134411bcb
#4 resolve docker.io/library/python:3.13@sha256:02865b3929f3910fc2d6ebbf745bf00504d316478dacaea7d9e230e134411bcb 0.0s done
#4 CACHED

#5 [internal] load build context
#5 transferring context: 255.67kB 0.2s done
#5 DONE 0.2s

#6 [ 2/12] RUN cp /etc/apt/sources.list.d/debian.sources /etc/apt/sources.list.d/debian.sources.bak &&     sed -i         -e 's|http://deb.debian.org|https://mirrors.tuna.tsinghua.edu.cn|g'         -e 's|http://security.debian.org|https://mirrors.tuna.tsinghua.edu.cn|g'         /etc/apt/sources.list.d/debian.sources
#6 DONE 0.3s

#7 [ 3/12] RUN wget -nv -O- https://mirrors.tuna.tsinghua.edu.cn/wine/winehq.key | gpg --dearmor | tee /usr/share/keyrings/winehq-archive-keyring.gpg &&     echo "deb [signed-by=/usr/share/keyrings/winehq-archive-keyring.gpg] https://mirrors.tuna.tsinghua.edu.cn/wine/wine-builds/debian/ bookworm main"     > /etc/apt/sources.list.d/wine.list
#7 1.024 https://mirrors.tuna.tsinghua.edu.cn/wine/winehq.key:
#7 1.024 2026-01-19 07:09:28 ERROR 404: Not Found.
#7 1.029 gpg: no valid OpenPGP data found.
#7 DONE 1.0s

#8 [ 4/12] WORKDIR /app
#8 DONE 0.0s

#9 [ 5/12] RUN dpkg --add-architecture i386 &&     apt-get update &&     apt-get install -y --no-install-recommends         pandoc         libreoffice         libreoffice-writer         libreoffice-calc         libreoffice-impress         winehq-stable         wine32:i386         libgl1:i386         xvfb xauth winbind cabextract         fonts-noto-cjk         texlive-xetex texlive-latex-base texlive-latex-extra         texlive-fonts-recommended texlive-lang-chinese         texlive-latex-recommended texlive-fonts-extra lmodern         wget curl unzip vim         libgl1 libglib2.0-0 libsm6 libgomp1 libxrender1 libxext6 libxinerama1 libxtst6 libfontconfig1 &&     rm -rf /var/lib/apt/lists/*
#9 1.171 Get:1 https://mirrors.tuna.tsinghua.edu.cn/debian trixie InRelease [140 kB]
#9 1.598 Get:2 https://mirrors.tuna.tsinghua.edu.cn/debian trixie-updates InRelease [47.3 kB]
#9 1.782 Get:3 https://mirrors.tuna.tsinghua.edu.cn/debian-security trixie-security InRelease [43.4 kB]
#9 1.965 Ign:4 https://mirrors.tuna.tsinghua.edu.cn/wine/wine-builds/debian bookworm InRelease
#9 2.120 Get:5 https://mirrors.tuna.tsinghua.edu.cn/debian trixie/main i386 Packages [9429 kB]
#9 16.40 Get:6 https://mirrors.tuna.tsinghua.edu.cn/debian trixie/main amd64 Packages [9670 kB]
#9 30.84 Get:7 https://mirrors.tuna.tsinghua.edu.cn/debian trixie-updates/main i386 Packages [5136 B]
#9 30.84 Get:8 https://mirrors.tuna.tsinghua.edu.cn/debian trixie-updates/main amd64 Packages [5412 B]
#9 30.86 Get:9 https://mirrors.tuna.tsinghua.edu.cn/debian-security trixie-security/main amd64 Packages [96.1 kB]
#9 31.00 Get:10 https://mirrors.tuna.tsinghua.edu.cn/debian-security trixie-security/main i386 Packages [87.8 kB]
#9 31.17 Err:11 https://mirrors.tuna.tsinghua.edu.cn/wine/wine-builds/debian bookworm Release
#9 31.17   404  Not Found [IP: 101.6.15.130 443]
#9 31.86 Reading package lists...
#9 33.18 E: The repository 'https://mirrors.tuna.tsinghua.edu.cn/wine/wine-builds/debian bookworm Release' does not have a Release file.
#9 ERROR: process "/bin/sh -c dpkg --add-architecture i386 &&     apt-get update &&     apt-get install -y --no-install-recommends         pandoc         libreoffice         libreoffice-writer         libreoffice-calc         libreoffice-impress         winehq-stable         wine32:i386         libgl1:i386         xvfb xauth winbind cabextract         fonts-noto-cjk         texlive-xetex texlive-latex-base texlive-latex-extra         texlive-fonts-recommended texlive-lang-chinese         texlive-latex-recommended texlive-fonts-extra lmodern         wget curl unzip vim         libgl1 libglib2.0-0 libsm6 libgomp1 libxrender1 libxext6 libxinerama1 libxtst6 libfontconfig1 &&     rm -rf /var/lib/apt/lists/*" did not complete successfully: exit code: 100
------
 > [ 5/12] RUN dpkg --add-architecture i386 &&     apt-get update &&     apt-get install -y --no-install-recommends         pandoc         libreoffice         libreoffice-writer         libreoffice-calc         libreoffice-impress         winehq-stable         wine32:i386         libgl1:i386         xvfb xauth winbind cabextract         fonts-noto-cjk         texlive-xetex texlive-latex-base texlive-latex-extra         texlive-fonts-recommended texlive-lang-chinese         texlive-latex-recommended texlive-fonts-extra lmodern         wget curl unzip vim         libgl1 libglib2.0-0 libsm6 libgomp1 libxrender1 libxext6 libxinerama1 libxtst6 libfontconfig1 &&     rm -rf /var/lib/apt/lists/*:
2.120 Get:5 https://mirrors.tuna.tsinghua.edu.cn/debian trixie/main i386 Packages [9429 kB]
16.40 Get:6 https://mirrors.tuna.tsinghua.edu.cn/debian trixie/main amd64 Packages [9670 kB]
30.84 Get:7 https://mirrors.tuna.tsinghua.edu.cn/debian trixie-updates/main i386 Packages [5136 B]
30.84 Get:8 https://mirrors.tuna.tsinghua.edu.cn/debian trixie-updates/main amd64 Packages [5412 B]
30.86 Get:9 https://mirrors.tuna.tsinghua.edu.cn/debian-security trixie-security/main amd64 Packages [96.1 kB]
31.00 Get:10 https://mirrors.tuna.tsinghua.edu.cn/debian-security trixie-security/main i386 Packages [87.8 kB]
31.17 Err:11 https://mirrors.tuna.tsinghua.edu.cn/wine/wine-builds/debian bookworm Release
31.17   404  Not Found [IP: 101.6.15.130 443]

33.18 E: The repository 'https://mirrors.tuna.tsinghua.edu.cn/wine/wine-builds/debian bookworm Release' does not have a Release file.
------
Dockerfile:20
--------------------
  19 |     ENV DEBIAN_FRONTEND=noninteractive
  20 | >>> RUN dpkg --add-architecture i386 && \
  21 | >>>     apt-get update && \
  22 | >>>     apt-get install -y --no-install-recommends \
  23 | >>>         pandoc \
  24 | >>>         libreoffice \
  25 | >>>         libreoffice-writer \
  26 | >>>         libreoffice-calc \
  27 | >>>         libreoffice-impress \
  28 | >>>         winehq-stable \
  29 | >>>         wine32:i386 \
  30 | >>>         libgl1:i386 \
  31 | >>>         xvfb xauth winbind cabextract \
  32 | >>>         fonts-noto-cjk \
  33 | >>>         texlive-xetex texlive-latex-base texlive-latex-extra \
  34 | >>>         texlive-fonts-recommended texlive-lang-chinese \
  35 | >>>         texlive-latex-recommended texlive-fonts-extra lmodern \
  36 | >>>         wget curl unzip vim \
  37 | >>>         # OpenCV 运行依赖
  38 | >>>         libgl1 libglib2.0-0 libsm6 libgomp1 libxrender1 libxext6 libxinerama1 libxtst6 libfontconfig1 && \
  39 | >>>     rm -rf /var/lib/apt/lists/*
  40 |     
--------------------
ERROR: failed to build: failed to solve: process "/bin/sh -c dpkg --add-architecture i386 &&     apt-get update &&     apt-get install -y --no-install-recommends         pandoc         libreoffice         libreoffice-writer         libreoffice-calc         libreoffice-impress         winehq-stable         wine32:i386         libgl1:i386         xvfb xauth winbind cabextract         fonts-noto-cjk         texlive-xetex texlive-latex-base texlive-latex-extra         texlive-fonts-recommended texlive-lang-chinese         texlive-latex-recommended texlive-fonts-extra lmodern         wget curl unzip vim         libgl1 libglib2.0-0 libsm6 libgomp1 libxrender1 libxext6 libxinerama1 libxtst6 libfontconfig1 &&     rm -rf /var/lib/apt/lists/*" did not complete successfully: exit code: 100
